<?xml version="1.0" encoding="UTF-8"?>
<!-- Generated by org.testng.reporters.JUnitXMLReporter -->
<testsuite ignored="2" hostname="Fadnis_fam" failures="1" tests="1" name="Test" time="10.036" errors="0" timestamp="2025-01-27T15:46:08 IST">
  <testcase classname="com.comcast.crm.leadsTest.CreateLeadTest" name="CreateLead" time="4.573">
    <failure type="java.lang.AssertionError" message="Asserted all
	expected [something] but found [Administrator]">
      <![CDATA[java.lang.AssertionError: Asserted all
expected [something] but found [Administrator]
at com.comcast.crm.leadsTest.CreateLeadTest.CreateLead(CreateLeadTest.java:94)
at java.base/java.util.ArrayList.forEach(ArrayList.java:1596)
... Removed 26 stack frames]]>
    </failure>
  </testcase> <!-- CreateLead -->
  <testcase classname="com.comcast.crm.leadsTest.CreateLeadTest" name="DeleteLead" time="0.0">
    <ignored/>
  </testcase> <!-- DeleteLead -->
  <testcase classname="com.comcast.crm.leadsTest.CreateLeadTest" name="CreateLeadwithLeadStatus" time="0.0">
    <ignored/>
  </testcase> <!-- CreateLeadwithLeadStatus -->
</testsuite> <!-- Test -->
